\BOOKMARK [1][-]{section.1}{\376\377\000P\000r\000a\000k\000t\000i\000s\000k\000\040\000r\000u\000n\000d\000t\000\040\000f\000i\000l\000e\000n\000e}{}% 1
\BOOKMARK [1][-]{section.2}{\376\377\000I\000n\000t\000r\000o\000d\000u\000k\000s\000j\000o\000n\000\040\000-\000\040\000P\000r\000a\000k\000t\000i\000s\000k\000\040\000r\000u\000n\000d\000t\000\040\000l\000a\000b\000e\000n}{}% 2
\BOOKMARK [1][-]{section.3}{\376\377\000I\000n\000t\000r\000o\000d\000u\000k\000s\000j\000o\000n\000\040\000-\000\040\000H\000e\000i\000s\000e\000n\000\040\000p\000\345\000\040\000S\000a\000n\000n\000t\000i\000d\000s\000l\000a\000b\000e\000n}{}% 3
\BOOKMARK [2][-]{subsection.3.1}{\376\377\000H\000e\000i\000s\000m\000o\000d\000e\000l\000l\000e\000n}{section.3}% 4
\BOOKMARK [2][-]{subsection.3.2}{\376\377\000M\000o\000t\000o\000r\000s\000t\000y\000r\000i\000n\000g\000s\000b\000o\000k\000s}{section.3}% 5
\BOOKMARK [2][-]{subsection.3.3}{\376\377\000B\000e\000t\000j\000e\000n\000i\000n\000g\000s\000b\000o\000k\000s}{section.3}% 6
\BOOKMARK [1][-]{section.4}{\376\377\000I\000n\000t\000r\000o\000d\000u\000k\000s\000j\000o\000n\000\040\000-\000\040\000P\000r\000o\000g\000r\000a\000m\000m\000e\000r\000i\000n\000g\000\040\000a\000v\000\040\000P\000L\000S}{}% 7
\BOOKMARK [2][-]{subsection.4.1}{\376\377\000I\000n\000n\000f\000\370\000r\000i\000n\000g\000\040\000i\000\040\000b\000r\000u\000k\000e\000n\000\040\000a\000v\000\040\000S\000y\000s\000m\000a\000c}{section.4}% 8
\BOOKMARK [3][-]{subsubsection.4.1.1}{\376\377\000T\000i\000l\000o\000r\000d\000n\000i\000n\000g\000\040\000a\000v\000\040\000I\000/\000O}{subsection.4.1}% 9
\BOOKMARK [3][-]{subsubsection.4.1.2}{\376\377\000U\000t\000v\000i\000k\000l\000i\000n\000g\000\040\000o\000g\000\040\000f\000l\000a\000s\000h\000i\000n\000g\000\040\000a\000v\000\040\000s\000o\000f\000t\000w\000a\000r\000e}{subsection.4.1}% 10
\BOOKMARK [1][-]{section.1}{\376\377\000O\000p\000p\000g\000a\000v\000e\000\040\0001\000\040\000\050\0001\0000\0000\000\045\000\051\000\040\000-\000\040\000H\000e\000i\000s\000p\000r\000o\000g\000r\000a\000m\000m\000e\000r\000i\000n\000g\000\040\000m\000e\000d\000\040\000s\000t\000i\000g\000e\000d\000i\000a\000g\000r\000a\000m}{}% 11
\BOOKMARK [2][-]{subsection.1.1}{\376\377\000D\000o\000k\000u\000m\000e\000n\000t\000a\000s\000j\000o\000n}{section.1}% 12
\BOOKMARK [2][-]{subsection.1.2}{\376\377\000H\000e\000i\000s\000e\000n\000s\000\040\000f\000u\000n\000k\000s\000j\000o\000n\000a\000l\000i\000t\000e\000t}{section.1}% 13
\BOOKMARK [3][-]{subsubsection.1.2.1}{\376\377\000P\000r\000o\000g\000r\000a\000m\000m\000e\000r\000i\000n\000g\000s\000o\000p\000p\000g\000a\000v\000e\000n}{subsection.1.2}% 14
\BOOKMARK [1][-]{appendix.A}{\376\377\000A\000p\000p\000e\000n\000d\000i\000k\000s\000\040\000-\000\040\000P\000C\000-\000\040\000o\000g\000\040\000P\000L\000S\000-\000b\000r\000y\000t\000e\000r\000e\000n\000\040\000p\000\345\000\040\000h\000e\000i\000s\000b\000o\000k\000s\000e\000n}{}% 15
\BOOKMARK [1][-]{appendix.B}{\376\377\000A\000p\000p\000e\000n\000d\000i\000k\000s\000\040\000-\000\040\000B\000r\000u\000k\000e\000r\000n\000a\000v\000n\000\040\000o\000g\000\040\000p\000a\000s\000s\000o\000r\000d}{}% 16
\BOOKMARK [1][-]{appendix.C}{\376\377\000A\000p\000p\000e\000n\000d\000i\000k\000s\000\040\000-\000\040\000D\000i\000r\000e\000k\000t\000e\000\040\000t\000i\000l\000k\000o\000p\000l\000i\000n\000g\000\040\000t\000i\000l\000\040\000P\000L\000S}{}% 17
\BOOKMARK [1][-]{appendix.D}{\376\377\000A\000p\000p\000e\000n\000d\000i\000k\000s\000\040\000-\000\040\000P\000r\000o\000g\000r\000a\000m\000m\000e\000r\000i\000n\000g\000,\000\040\000b\000y\000g\000g\000i\000n\000g\000\040\000o\000g\000\040\000f\000l\000a\000s\000h\000i\000n\000g}{}% 18
\BOOKMARK [1][-]{appendix.E}{\376\377\000A\000p\000p\000e\000n\000d\000i\000k\000s\000\040\000-\000\040\000\305\000\040\000k\000j\000\370\000r\000e\000\040\000p\000r\000o\000g\000r\000a\000m\000m\000e\000t\000\040\000p\000\345\000\040\000P\000L\000S\000e\000n}{}% 19
\BOOKMARK [1][-]{appendix.F}{\376\377\000A\000p\000p\000e\000n\000d\000i\000k\000s\000\040\000-\000\040\000H\000v\000o\000r\000\040\000p\000r\000o\000g\000r\000a\000m\000m\000e\000r\000e\000r\000\040\000m\000a\000n\000?}{}% 20
\BOOKMARK [1][-]{appendix.G}{\376\377\000A\000p\000p\000e\000n\000d\000i\000k\000s\000\040\000-\000\040\000H\000v\000o\000r\000\040\000f\000i\000n\000n\000e\000r\000\040\000v\000i\000\040\000I\000/\000O\000-\000o\000p\000p\000s\000e\000t\000t\000e\000t\000\040\000v\000\345\000r\000t\000?}{}% 21
